[02:18:17.692][info] [#0:/home/ozil/.local/share/nvim/mason/packages/lua-language-server/extension/server/main.lua:65]: Lua Lsp startup, root: 	/home/ozil/.local/share/nvim/mason/packages/lua-language-server/extension/server
[02:18:17.692][info] [#0:/home/ozil/.local/share/nvim/mason/packages/lua-language-server/extension/server/main.lua:66]: ROOT:	/home/ozil/.local/share/nvim/mason/packages/lua-language-server/extension/server
[02:18:17.692][info] [#0:/home/ozil/.local/share/nvim/mason/packages/lua-language-server/extension/server/main.lua:67]: LOGPATH:	/home/ozil/.local/share/nvim/mason/packages/lua-language-server/extension/server/log
[02:18:17.692][info] [#0:/home/ozil/.local/share/nvim/mason/packages/lua-language-server/extension/server/main.lua:68]: METAPATH:	/home/ozil/.local/share/nvim/mason/packages/lua-language-server/extension/server/meta
[02:18:17.692][info] [#0:/home/ozil/.local/share/nvim/mason/packages/lua-language-server/extension/server/main.lua:69]: VERSION:	3.5.6
[02:18:17.718][info] [#0:script/service/service.lua:141]: 
========= Medical Examination Report =========
    --------------- Memory ---------------
        Total: 1.490 MB
        # 00 : 1.490 MB
        # 01 : 0.000 MB
        # 02 : 0.000 MB
        # 03 : 0.000 MB
        # 04 : 0.000 MB
    --------------- Coroutine ---------------
        Total:     0
        Running:   0
        Suspended: 0
        Normal:    0
        Dead:      0
    --------------- Cache ---------------
        Total: 1
        Dead:  0
    ---------------  RPC  ---------------
        Holdon:   0
        Waiting:  0
==============================================
[02:18:17.723][info] [#0:script/language.lua:137]: VSC language: nil
[02:18:17.723][info] [#0:script/language.lua:138]: LS  language: en-us
[02:18:17.723][info] [#0:script/workspace/workspace.lua:38]: Workspace init root: 	file:///home/ozil/.config/nvim
[02:18:17.723][info] [#0:script/workspace/workspace.lua:42]: Log path: 	/home/ozil/.local/share/nvim/mason/packages/lua-language-server/extension/server/log/file_home_ozil_.config_nvim.log
[02:18:17.723][info] [#0:script/workspace/workspace.lua:51]: Workspace create: 	file:///home/ozil/.config/nvim
[02:18:17.826][info] [#0:script/provider/provider.lua:41]: Load config from client	file:///home/ozil/.config/nvim
[02:18:17.826][info] [#0:script/provider/provider.lua:42]: {
  Lua = {
    diagnostics = {
      globals = { "vim" }
    },
    telemetry = {
      enable = false
    },
    workspace = {
      library = {
        ["/usr/share/nvim/runtime/lua"] = true,
        ["/usr/share/nvim/runtime/lua/vim/lsp"] = true
      },
      maxPreload = 100000,
      preloadFileSize = 10000
    }
  }
}
[02:18:17.826][info] [#0:script/provider/provider.lua:41]: Load config from client	file:///home/ozil/.config/nvim
[02:18:17.826][info] [#0:script/provider/provider.lua:42]: {
  Lua = {
    diagnostics = {
      globals = { "vim" }
    },
    telemetry = {
      enable = false
    },
    workspace = {
      library = {
        ["/usr/share/nvim/runtime/lua"] = true,
        ["/usr/share/nvim/runtime/lua/vim/lsp"] = true
      },
      maxPreload = 100000,
      preloadFileSize = 10000
    }
  }
}
[02:18:17.827][info] [#0:script/provider/provider.lua:41]: Load config from client	file:///home/ozil/.config/nvim
[02:18:17.827][info] [#0:script/provider/provider.lua:42]: {
  Lua = {
    diagnostics = {
      globals = { "vim" }
    },
    telemetry = {
      enable = false
    },
    workspace = {
      library = {
        ["/usr/share/nvim/runtime/lua"] = true,
        ["/usr/share/nvim/runtime/lua/vim/lsp"] = true
      },
      maxPreload = 100000,
      preloadFileSize = 10000
    }
  }
}
[02:18:17.827][info] [#0:script/provider/provider.lua:56]: Load config from client	fallback
[02:18:17.827][info] [#0:script/provider/provider.lua:57]: {
  Lua = {
    diagnostics = {
      globals = { "vim" }
    },
    telemetry = {
      enable = false
    },
    workspace = {
      library = {
        ["/usr/share/nvim/runtime/lua"] = true,
        ["/usr/share/nvim/runtime/lua/vim/lsp"] = true
      },
      maxPreload = 100000,
      preloadFileSize = 10000
    }
  }
}
[02:18:17.827][info] [#0:script/library.lua:207]: Init builtin library at:	file:///home/ozil/.config/nvim
[02:18:17.841][info] [#0:script/plugin.lua:86]: plugin path:	/home/ozil/.config/nvim
[02:18:17.841][warn] [#0:script/plugin.lua:101]: plugin not found:	/home/ozil/.config/nvim
[02:18:17.841][info] [#0:script/library.lua:207]: Init builtin library at:	nil
[02:18:17.849][info] [#0:script/provider/provider.lua:56]: Load config from client	fallback
[02:18:17.849][info] [#0:script/provider/provider.lua:57]: {
  Lua = {
    diagnostics = {
      globals = { "vim" }
    },
    telemetry = {
      enable = false
    },
    workspace = {
      library = {
        ["/usr/share/nvim/runtime/lua"] = true,
        ["/usr/share/nvim/runtime/lua/vim/lsp"] = true
      },
      maxPreload = 100000,
      preloadFileSize = 10000
    }
  }
}
[02:18:17.849][info] [#0:script/provider/provider.lua:56]: Load config from client	fallback
[02:18:17.849][info] [#0:script/provider/provider.lua:57]: {
  Lua = {
    diagnostics = {
      globals = { "vim" }
    },
    telemetry = {
      enable = false
    },
    workspace = {
      library = {
        ["/usr/share/nvim/runtime/lua"] = true,
        ["/usr/share/nvim/runtime/lua/vim/lsp"] = true
      },
      maxPreload = 100000,
      preloadFileSize = 10000
    }
  }
}
[02:18:17.849][info] [#0:script/workspace/workspace.lua:305]: Preload start:	file:///home/ozil/.config/nvim
[02:18:17.850][info] [#0:script/workspace/workspace.lua:311]: Scan files at:	file:///home/ozil/.config/nvim
[02:18:17.850][info] [#0:script/workspace/workspace.lua:305]: Preload start:	<fallback>
[02:18:17.850][info] [#0:script/workspace/workspace.lua:328]: Scan library at:	file:///home/ozil/.local/share/nvim/mason/packages/lua-language-server/extension/server/meta/Lua%205.4%20en-us%20utf8
[02:18:17.852][info] [#0:script/workspace/workspace.lua:328]: Scan library at:	file:///usr/share/nvim/runtime/lua
[02:18:17.857][info] [#0:script/workspace/workspace.lua:328]: Scan library at:	file:///usr/share/nvim/runtime/lua/vim/lsp
[02:18:17.859][info] [#0:script/workspace/workspace.lua:328]: Scan library at:	file:///home/ozil/.local/share/nvim/mason/packages/lua-language-server/extension/server/meta/Lua%205.4%20en-us%20utf8
[02:18:17.860][info] [#0:script/workspace/workspace.lua:328]: Scan library at:	file:///usr/share/nvim/runtime/lua
[02:18:17.862][info] [#0:script/workspace/workspace.lua:328]: Scan library at:	file:///usr/share/nvim/runtime/lua/vim/lsp
[02:18:19.723][info] [#0:script/workspace/workspace.lua:348]: Found 59 files at:	<fallback>
[02:18:19.723][info] [#0:script/workspace/loading.lua:153]: Load files from disk:	<fallback>
[02:18:19.723][info] [#0:script/workspace/workspace.lua:348]: Found 88 files at:	file:///home/ozil/.config/nvim
[02:18:19.723][info] [#0:script/workspace/loading.lua:153]: Load files from disk:	file:///home/ozil/.config/nvim
[02:18:20.167][info] [#0:script/workspace/loading.lua:165]: Loaded files takes [0.470] sec: <fallback>
[02:18:20.167][info] [#0:script/workspace/loading.lua:174]: Compile files takes [0.000] sec: <fallback>
[02:18:20.167][info] [#0:script/workspace/loading.lua:175]: Loaded finish:	<fallback>
[02:18:20.168][info] [#0:script/workspace/workspace.lua:350]: Preload finish at:	<fallback>
[02:18:20.183][warn] [#0:script/proto/proto.lua:122]: Response of [workspace/diagnostic/refresh] error [-32601]: MethodNotFound
[02:18:21.724][info] [#0:script/workspace/loading.lua:165]: Loaded files takes [0.487] sec: file:///home/ozil/.config/nvim
[02:18:21.724][info] [#0:script/workspace/loading.lua:174]: Compile files takes [0.000] sec: file:///home/ozil/.config/nvim
[02:18:21.724][info] [#0:script/workspace/loading.lua:175]: Loaded finish:	file:///home/ozil/.config/nvim
[02:18:21.724][info] [#0:script/workspace/workspace.lua:350]: Preload finish at:	file:///home/ozil/.config/nvim
[02:18:21.786][info] [#0:script/provider/diagnostic.lua:486]: Diagnostics scope [<fallback>], files count:[76]
[02:18:21.786][warn] [#0:script/proto/proto.lua:122]: Response of [workspace/diagnostic/refresh] error [-32601]: MethodNotFound
[02:18:21.923][info] [#0:script/provider/diagnostic.lua:503]: Diagnostics scope [<fallback>] finished, takes [0.137] sec.
[02:18:21.924][info] [#0:script/provider/diagnostic.lua:486]: Diagnostics scope [file:///home/ozil/.config/nvim], files count:[76]
[02:18:22.076][info] [#0:script/provider/diagnostic.lua:503]: Diagnostics scope [file:///home/ozil/.config/nvim] finished, takes [0.152] sec.
[02:18:26.737][info] [#0:script/workspace/workspace.lua:265]: Scan files at:	file:///home/ozil/.config/nvim/lua/nvchad_ui/config.lua
[02:18:26.738][info] [#0:script/workspace/loading.lua:153]: Load files from disk:	file:///home/ozil/.config/nvim/lua/nvchad_ui/config.lua
[02:18:26.738][info] [#0:script/workspace/loading.lua:165]: Loaded files takes [0.000] sec: file:///home/ozil/.config/nvim/lua/nvchad_ui/config.lua
[02:18:26.738][info] [#0:script/workspace/loading.lua:174]: Compile files takes [0.000] sec: file:///home/ozil/.config/nvim/lua/nvchad_ui/config.lua
[02:18:26.739][info] [#0:script/workspace/loading.lua:175]: Loaded finish:	file:///home/ozil/.config/nvim/lua/nvchad_ui/config.lua
[02:18:28.726][info] [#0:script/provider/diagnostic.lua:486]: Diagnostics scope [file:///home/ozil/.config/nvim], files count:[76]
[02:18:28.931][info] [#0:script/provider/diagnostic.lua:503]: Diagnostics scope [file:///home/ozil/.config/nvim] finished, takes [0.206] sec.
[02:18:31.964][info] [#0:script/provider/diagnostic.lua:160]: clearDiagnostics	file:///home/ozil/.config/nvim/lua/nvchad_ui/config.lua
[02:18:33.738][info] [#0:script/workspace/workspace.lua:265]: Scan files at:	file:///home/ozil/.config/nvim/lua/nvchad_ui/config.lua
[02:18:33.739][info] [#0:script/workspace/loading.lua:153]: Load files from disk:	file:///home/ozil/.config/nvim/lua/nvchad_ui/config.lua
[02:18:33.739][info] [#0:script/workspace/loading.lua:165]: Loaded files takes [0.000] sec: file:///home/ozil/.config/nvim/lua/nvchad_ui/config.lua
[02:18:33.739][info] [#0:script/workspace/loading.lua:174]: Compile files takes [0.000] sec: file:///home/ozil/.config/nvim/lua/nvchad_ui/config.lua
[02:18:33.740][info] [#0:script/workspace/loading.lua:175]: Loaded finish:	file:///home/ozil/.config/nvim/lua/nvchad_ui/config.lua
[02:18:34.891][info] [#0:script/provider/provider.lua:167]: Server shutdown.
[02:18:34.891][info] [#0:script/provider/diagnostic.lua:486]: Diagnostics scope [file:///home/ozil/.config/nvim], files count:[76]
[02:18:34.911][info] [#0:script/provider/provider.lua:160]: Server exited.
