[02:18:17.692][info] [#0:/home/ozil/.local/share/nvim/mason/packages/lua-language-server/extension/server/main.lua:65]: Lua Lsp startup, root: 	/home/ozil/.local/share/nvim/mason/packages/lua-language-server/extension/server
[02:18:17.692][info] [#0:/home/ozil/.local/share/nvim/mason/packages/lua-language-server/extension/server/main.lua:66]: ROOT:	/home/ozil/.local/share/nvim/mason/packages/lua-language-server/extension/server
[02:18:17.692][info] [#0:/home/ozil/.local/share/nvim/mason/packages/lua-language-server/extension/server/main.lua:67]: LOGPATH:	/home/ozil/.local/share/nvim/mason/packages/lua-language-server/extension/server/log
[02:18:17.692][info] [#0:/home/ozil/.local/share/nvim/mason/packages/lua-language-server/extension/server/main.lua:68]: METAPATH:	/home/ozil/.local/share/nvim/mason/packages/lua-language-server/extension/server/meta
[02:18:17.692][info] [#0:/home/ozil/.local/share/nvim/mason/packages/lua-language-server/extension/server/main.lua:69]: VERSION:	3.5.6
[02:18:17.718][info] [#0:script/service/service.lua:141]: 
========= Medical Examination Report =========
    --------------- Memory ---------------
        Total: 1.490 MB
        # 00 : 1.490 MB
        # 01 : 0.000 MB
        # 02 : 0.000 MB
        # 03 : 0.000 MB
        # 04 : 0.000 MB
    --------------- Coroutine ---------------
        Total:     0
        Running:   0
        Suspended: 0
        Normal:    0
        Dead:      0
    --------------- Cache ---------------
        Total: 1
        Dead:  0
    ---------------  RPC  ---------------
        Holdon:   0
        Waiting:  0
==============================================
[02:18:17.723][info] [#0:script/language.lua:137]: VSC language: nil
[02:18:17.723][info] [#0:script/language.lua:138]: LS  language: en-us
[02:18:17.723][info] [#0:script/workspace/workspace.lua:38]: Workspace init root: 	file:///home/ozil/.config/nvim
[02:18:17.723][info] [#0:script/workspace/workspace.lua:42]: Log path: 	/home/ozil/.local/share/nvim/mason/packages/lua-language-server/extension/server/log/file_home_ozil_.config_nvim.log
