Oct 28 11:12 : player: played "Haaland Ha Ha Ha.mp3"
Oct 28 16:03 : player: played "Haaland Ha Ha Ha.mp3"
Oct 28 16:09 : player: played "Haaland Ha Ha Ha.mp3"
Oct 28 16:12 : player: played "Haaland Ha Ha Ha.mp3"
Oct 28 16:19 : player: played "Unstoppable - Sia.mp3"
Oct 28 16:23 : player: played "Unstoppable - Sia.mp3"
Oct 28 16:29 : player: played "YouAreMyLove_My Life.mp3"
Oct 28 16:34 : player: played "YouAreMyLove_My Life.mp3"
Oct 28 16:38 : player: played "YouAreMyLove_My Life.mp3"
Oct 28 16:47 : player: played "YouAreMyLove_My Life.mp3"
Oct 28 16:52 : player: played "YouAreMyLove_My Life.mp3"
Oct 28 16:56 : player: played "YouAreMyLove_My Life.mp3"
Oct 28 17:01 : player: played "YouAreMyLove_My Life.mp3"
Oct 28 17:05 : player: played "YouAreMyLove_My Life.mp3"
Oct 28 17:10 : player: played "YouAreMyLove_My Life.mp3"
Oct 28 17:17 : player: played "Solo - RiveR  .mp3"
Oct 28 17:21 : player: played "Solo - RiveR  .mp3"
Oct 28 17:25 : player: played "Solo - RiveR  .mp3"
Oct 28 17:29 : player: played "Solo - RiveR  .mp3"
Oct 28 17:32 : player: played "Solo - RiveR  .mp3"
Oct 28 17:36 : player: played "Solo - RiveR  .mp3"
Oct 28 17:40 : player: played "Solo - RiveR  .mp3"
Oct 28 17:44 : player: played "Solo - RiveR  .mp3"
Oct 28 17:48 : player: played "Solo - RiveR  .mp3"
Oct 28 19:51 : player: played "Solo - RiveR  .mp3"
Oct 28 19:55 : player: played "Solo - RiveR  .mp3"
Oct 28 19:59 : player: played "Solo - RiveR  .mp3"
Oct 28 20:03 : player: played "Solo - RiveR  .mp3"
Oct 28 21:52 : player: played "Solo - RiveR  .mp3"
Oct 29 13:54 : player: played "Solo - RiveR  .mp3"
Oct 29 17:47 : player: played "Haaland Ha Ha Ha.mp3"
Oct 29 17:57 : player: played "Haaland Ha Ha Ha.mp3"
Oct 29 18:00 : player: played "Haaland Ha Ha Ha.mp3"
Oct 29 18:03 : player: played "Haaland Ha Ha Ha.mp3"
Oct 29 18:06 : player: played "Haaland Ha Ha Ha.mp3"
Oct 29 18:09 : player: played "Haaland Ha Ha Ha.mp3"
Oct 29 18:12 : player: played "Haaland Ha Ha Ha.mp3"
Oct 29 18:13 : player: played "Haaland Ha Ha Ha.mp3"
Oct 29 18:16 : player: played "Haaland Ha Ha Ha.mp3"
Oct 29 18:19 : player: played "Haaland Ha Ha Ha.mp3"
Oct 29 18:20 : player: played "Haaland Ha Ha Ha.mp3"
Oct 29 19:29 : player: played "Haaland Ha Ha Ha.mp3"
Oct 29 23:06 : player: played "Haaland Ha Ha Ha.mp3"
WARNING: Unhandled message: interface=org.freedesktop.DBus, path=/org/freedesktop/DBus, member=ActivatableServicesChanged
WARNING: Unhandled message: interface=org.freedesktop.DBus, path=/org/freedesktop/DBus, member=ActivatableServicesChanged
WARNING: Unhandled message: interface=org.freedesktop.DBus, path=/org/freedesktop/DBus, member=ActivatableServicesChanged
WARNING: Unhandled message: interface=org.freedesktop.DBus, path=/org/freedesktop/DBus, member=ActivatableServicesChanged
WARNING: Unhandled message: interface=org.freedesktop.DBus, path=/org/freedesktop/DBus, member=ActivatableServicesChanged
Oct 30 11:57 : player: played "Haaland Ha Ha Ha.mp3"
Oct 30 12:04 : player: played "Haaland Ha Ha Ha.mp3"
Oct 30 18:00 : player: played "Haaland Ha Ha Ha.mp3"
Oct 31 07:13 : player: played "Haaland Ha Ha Ha.mp3"
Oct 31 07:21 : player: played "Haaland Ha Ha Ha.mp3"
Oct 31 07:24 : player: played "Haaland Ha Ha Ha.mp3"
Oct 31 07:27 : player: played "Haaland Ha Ha Ha.mp3"
Oct 31 07:30 : player: played "Haaland Ha Ha Ha.mp3"
Oct 31 07:33 : player: played "Haaland Ha Ha Ha.mp3"
Oct 31 07:37 : player: played "Haaland Ha Ha Ha.mp3"
Oct 31 07:40 : player: played "Haaland Ha Ha Ha.mp3"
Oct 31 07:43 : player: played "Haaland Ha Ha Ha.mp3"
Oct 31 10:02 : player: played "Haaland Ha Ha Ha.mp3"
Oct 31 11:02 : player: played "Haaland Ha Ha Ha.mp3"
Oct 31 11:06 : player: played "Haaland Ha Ha Ha.mp3"
Oct 31 11:09 : player: played "Haaland Ha Ha Ha.mp3"
Oct 31 11:12 : player: played "Haaland Ha Ha Ha.mp3"
Oct 31 12:15 : player: played "Haaland Ha Ha Ha.mp3"
WARNING: Unhandled message: interface=org.freedesktop.DBus, path=/org/freedesktop/DBus, member=ActivatableServicesChanged
WARNING: Unhandled message: interface=org.freedesktop.DBus, path=/org/freedesktop/DBus, member=ActivatableServicesChanged
WARNING: Unhandled message: interface=org.freedesktop.DBus, path=/org/freedesktop/DBus, member=ActivatableServicesChanged
WARNING: Unhandled message: interface=org.freedesktop.DBus, path=/org/freedesktop/DBus, member=ActivatableServicesChanged
WARNING: Unhandled message: interface=org.freedesktop.DBus, path=/org/freedesktop/DBus, member=ActivatableServicesChanged
WARNING: Unhandled message: interface=org.freedesktop.DBus, path=/org/freedesktop/DBus, member=ActivatableServicesChanged
WARNING: Unhandled message: interface=org.freedesktop.DBus, path=/org/freedesktop/DBus, member=ActivatableServicesChanged
Oct 31 23:27 : exception: Failed to open /home/ozil/.mpd/playlists: No such file or directory
Oct 31 23:27 : update: added /Panjabi MC - Mundian To Bach Ke.mp3
Oct 31 23:27 : update: added /Sia - Chandelier.mp3
Oct 31 23:27 : update: added /Sia - Cheap Thrills.mp3
Oct 31 23:27 : exception: Failed to open /home/ozil/.mpd/playlists: No such file or directory
Oct 31 23:29 : update: updating /Panjabi MC - Mundian To Bach Ke.mp3
Oct 31 23:29 : update: updating /Sia - Chandelier.mp3
Oct 31 23:30 : update: updating /Sia - Cheap Thrills.mp3
Oct 31 23:38 : player: played "Marie Wegener - Countdown.mp3"
WARNING: Unhandled message: interface=org.freedesktop.DBus, path=/org/freedesktop/DBus, member=ActivatableServicesChanged
WARNING: Unhandled message: interface=org.freedesktop.DBus, path=/org/freedesktop/DBus, member=ActivatableServicesChanged
WARNING: Unhandled message: interface=org.freedesktop.DBus, path=/org/freedesktop/DBus, member=ActivatableServicesChanged
WARNING: Unhandled message: interface=org.freedesktop.DBus, path=/org/freedesktop/DBus, member=ActivatableServicesChanged
Nov 01 00:25 : player: played "Panjabi MC - Mundian To Bach Ke.mp3"
WARNING: Unhandled message: interface=org.freedesktop.DBus, path=/org/freedesktop/DBus, member=ActivatableServicesChanged
WARNING: Unhandled message: interface=org.freedesktop.DBus, path=/org/freedesktop/DBus, member=ActivatableServicesChanged
WARNING: Unhandled message: interface=org.freedesktop.DBus, path=/org/freedesktop/DBus, member=ActivatableServicesChanged
WARNING: Unhandled message: interface=org.freedesktop.DBus, path=/org/freedesktop/DBus, member=ActivatableServicesChanged
Nov 01 14:18 : player: played "Solo - RiveR  .mp3"
Nov 01 14:27 : player: played "Janji - Heroes Tonight (feat. Johnning) [NCS Release].mp3"
Nov 01 14:30 : player: played "Janji - Heroes Tonight (feat. Johnning) [NCS Release].mp3"
Nov 01 14:38 : player: played "Unstoppable - Sia.mp3"
Nov 01 14:42 : player: played "Unstoppable - Sia.mp3"
Nov 01 16:21 : exception: Failed to open /home/ozil/.mpd/playlists: No such file or directory
Nov 01 16:21 : update: added /Bahlam Beek.mp3
Nov 01 16:21 : update: added /mosalsal nour.mp3
Nov 01 16:21 : exception: Failed to open /home/ozil/.mpd/playlists: No such file or directory
Nov 01 16:22 : update: updating /Bahlam Beek.mp3
Nov 01 16:23 : update: updating /mosalsal nour.mp3
Nov 01 16:44 : player: played "Bahlam Beek.mp3"
Nov 01 16:45 : update: removing Bahlam Beek.mp3
Nov 01 16:45 : update: removing mosalsal nour.mp3
Nov 01 16:45 : exception: Failed to open /home/ozil/.mpd/playlists: No such file or directory
Nov 01 20:12 : player: played "Alexandra Stan - Mr Saxo Beat.mp3"
Nov 02 19:15 : player: played "Unstoppable - Sia.mp3"
Nov 02 19:19 : player: played "Unstoppable - Sia.mp3"
Nov 02 19:19 : player: played "Unstoppable - Sia.mp3"
WARNING: Unhandled message: interface=org.freedesktop.DBus, path=/org/freedesktop/DBus, member=ActivatableServicesChanged
WARNING: Unhandled message: interface=org.freedesktop.DBus, path=/org/freedesktop/DBus, member=ActivatableServicesChanged
WARNING: Unhandled message: interface=org.freedesktop.DBus, path=/org/freedesktop/DBus, member=ActivatableServicesChanged
WARNING: Unhandled message: interface=org.freedesktop.DBus, path=/org/freedesktop/DBus, member=ActivatableServicesChanged
Nov 03 04:35 : player: played "Unstoppable - Sia.mp3"
Nov 03 09:03 : player: played "Unstoppable - Sia.mp3"
Nov 03 09:09 : player: played "Olympic ayres magic .mp3"
Nov 03 12:31 : player: played "Haaland Ha Ha Ha.mp3"
Nov 04 12:44 : player: played "Haaland Ha Ha Ha.mp3"
Nov 04 13:32 : player: played "Sia - Cheap Thrills.mp3"
Nov 04 13:35 : player: played "Sia - Cheap Thrills.mp3"
Nov 04 13:39 : player: played "Sia - Cheap Thrills.mp3"
Nov 04 15:49 : player: played "Eye of the Tiger.mp3"
Nov 04 15:53 : player: played "Eye of the Tiger.mp3"
Nov 04 15:57 : player: played "Eye of the Tiger.mp3"
Nov 04 16:01 : player: played "Eye of the Tiger.mp3"
Nov 04 16:05 : player: played "Eye of the Tiger.mp3"
Nov 04 16:09 : player: played "Eye of the Tiger.mp3"
Nov 04 16:13 : player: played "Eye of the Tiger.mp3"
Nov 04 16:17 : player: played "Eye of the Tiger.mp3"
Nov 04 16:21 : player: played "Eye of the Tiger.mp3"
Nov 04 16:25 : player: played "Eye of the Tiger.mp3"
Nov 04 16:29 : player: played "Eye of the Tiger.mp3"
Nov 04 16:33 : player: played "Eye of the Tiger.mp3"
Nov 04 18:45 : exception: Failed to open /home/ozil/.mpd/playlists: No such file or directory
Nov 04 18:45 : update: added /Niko Pandetta- Pistole Nella Fendi.mp3
Nov 04 18:45 : exception: Failed to open /home/ozil/.mpd/playlists: No such file or directory
Nov 04 18:46 : update: updating /Niko Pandetta- Pistole Nella Fendi.mp3
Nov 05 03:11 : player: played "Niko Pandetta- Pistole Nella Fendi.mp3"
WARNING: Unhandled message: interface=org.freedesktop.DBus, path=/org/freedesktop/DBus, member=ActivatableServicesChanged
WARNING: Unhandled message: interface=org.freedesktop.DBus, path=/org/freedesktop/DBus, member=ActivatableServicesChanged
WARNING: Unhandled message: interface=org.freedesktop.DBus, path=/org/freedesktop/DBus, member=ActivatableServicesChanged
WARNING: Unhandled message: interface=org.freedesktop.DBus, path=/org/freedesktop/DBus, member=ActivatableServicesChanged
WARNING: Unhandled message: interface=org.freedesktop.DBus, path=/org/freedesktop/DBus, member=ActivatableServicesChanged
WARNING: Unhandled message: interface=org.freedesktop.DBus, path=/org/freedesktop/DBus, member=ActivatableServicesChanged
WARNING: Unhandled message: interface=org.freedesktop.DBus, path=/org/freedesktop/DBus, member=ActivatableServicesChanged
WARNING: Unhandled message: interface=org.freedesktop.DBus, path=/org/freedesktop/DBus, member=ActivatableServicesChanged
WARNING: Unhandled message: interface=org.freedesktop.DBus, path=/org/freedesktop/DBus, member=ActivatableServicesChanged
Nov 05 10:20 : player: played "Niko Pandetta- Pistole Nella Fendi.mp3"
Nov 05 19:23 : player: played "Niko Pandetta- Pistole Nella Fendi.mp3"
Nov 05 22:20 : player: played "Niko Pandetta- Pistole Nella Fendi.mp3"
Nov 05 22:54 : player: played "Niko Pandetta- Pistole Nella Fendi.mp3"
Nov 06 02:33 : player: played "Niko Pandetta- Pistole Nella Fendi.mp3"
Nov 06 02:48 : player: played "Niko Pandetta- Pistole Nella Fendi.mp3"
