May 27 01:03 : player: played "warriyo-mortals-RGjIYW6EBO.mp3"
May 27 01:07 : player: played "warriyo-mortals-RGjIYW6EBO.mp3"
WARNING: Unhandled message: interface=org.freedesktop.DBus, path=/org/freedesktop/DBus, member=ActivatableServicesChanged
WARNING: Unhandled message: interface=org.freedesktop.DBus, path=/org/freedesktop/DBus, member=ActivatableServicesChanged
WARNING: Unhandled message: interface=org.freedesktop.DBus, path=/org/freedesktop/DBus, member=ActivatableServicesChanged
May 27 01:11 : player: played "warriyo-mortals-RGjIYW6EBO.mp3"
May 27 01:14 : player: played "warriyo-mortals-RGjIYW6EBO.mp3"
May 27 01:18 : player: played "warriyo-mortals-RGjIYW6EBO.mp3"
May 27 01:26 : player: played "Solo - River.mp3"
May 27 01:30 : player: played "Solo - River.mp3"
May 27 01:34 : player: played "Solo - River.mp3"
May 27 01:38 : player: played "Solo - River.mp3"
May 27 04:09 : player: played "Solo - River.mp3"
May 27 17:29 : player: played "Solo - River.mp3"
May 28 02:16 : player: played "Stern des Sudens _ FC Bayern.mp3"
May 28 02:20 : player: played "Stern des Sudens _ FC Bayern.mp3"
May 28 07:29 : player: played "Tamiga 2Bad In Havana.mp3"
May 28 07:34 : player: played "Tamiga 2Bad In Havana.mp3"
May 28 07:39 : player: played "Tamiga 2Bad In Havana.mp3"
May 28 07:44 : player: played "Tamiga 2Bad In Havana.mp3"
May 28 07:50 : player: played "Tamiga 2Bad In Havana.mp3"
May 28 07:55 : player: played "Tamiga 2Bad In Havana.mp3"
May 28 08:00 : player: played "Tamiga 2Bad In Havana.mp3"
May 28 08:05 : player: played "Tamiga 2Bad In Havana.mp3"
May 28 08:10 : player: played "Tamiga 2Bad In Havana.mp3"
May 28 08:44 : player: played "Tamiga 2Bad In Havana.mp3"
May 28 18:15 : player: played "Tamiga 2Bad In Havana.mp3"
May 28 22:08 : player: played "Tamiga 2Bad In Havana.mp3"
May 29 04:42 : player: played "Tamiga 2Bad In Havana.mp3"
May 29 23:28 : player: played "Niko Pandetta- Pistole Nella Fendi.mp3"
May 29 23:31 : player: played "Niko Pandetta- Pistole Nella Fendi.mp3"
May 29 23:34 : player: played "Niko Pandetta- Pistole Nella Fendi.mp3"
May 29 23:37 : player: played "Niko Pandetta- Pistole Nella Fendi.mp3"
May 29 23:40 : player: played "Niko Pandetta- Pistole Nella Fendi.mp3"
May 29 23:43 : player: played "Niko Pandetta- Pistole Nella Fendi.mp3"
May 29 23:46 : player: played "Niko Pandetta- Pistole Nella Fendi.mp3"
May 29 23:49 : player: played "Niko Pandetta- Pistole Nella Fendi.mp3"
May 29 23:52 : player: played "Niko Pandetta- Pistole Nella Fendi.mp3"
May 29 23:54 : player: played "Niko Pandetta- Pistole Nella Fendi.mp3"
May 29 23:57 : player: played "Unstoppable - Sia.mp3"
May 29 23:57 : player: played "Unstoppable - Sia.mp3"
May 29 23:58 : player: played "warriyo-mortals-RGjIYW6EBO.mp3"
May 29 23:58 : player: played "warriyo-mortals-RGjIYW6EBO.mp3"
May 29 23:58 : player: played "Back To You - Tobu.mp3"
May 29 23:59 : player: played "Haaland Ha Ha Ha.mp3"
May 30 00:04 : player: played "Tamiga 2Bad In Havana.mp3"
May 30 00:09 : player: played "Tamiga 2Bad In Havana.mp3"
May 30 00:14 : player: played "Tamiga 2Bad In Havana.mp3"
May 30 00:19 : player: played "Tamiga 2Bad In Havana.mp3"
May 30 00:24 : player: played "Tamiga 2Bad In Havana.mp3"
May 30 00:30 : player: played "Tamiga 2Bad In Havana.mp3"
May 30 00:35 : player: played "Tamiga 2Bad In Havana.mp3"
May 30 00:40 : player: played "Tamiga 2Bad In Havana.mp3"
May 30 05:44 : player: played "Tamiga 2Bad In Havana.mp3"
May 31 01:27 : player: played "Tamiga 2Bad In Havana.mp3"
May 31 06:58 : player: played "Tamiga 2Bad In Havana.mp3"
Jun 01 03:25 : player: played "Tamiga 2Bad In Havana.mp3"
Jun 02 00:00 : player: played "warriyo-mortals-RGjIYW6EBO.mp3"
Jun 02 00:03 : player: played "warriyo-mortals-RGjIYW6EBO.mp3"
Jun 02 00:07 : player: played "warriyo-mortals-RGjIYW6EBO.mp3"
Jun 02 00:11 : player: played "warriyo-mortals-RGjIYW6EBO.mp3"
Jun 02 00:15 : player: played "warriyo-mortals-RGjIYW6EBO.mp3"
Jun 02 00:19 : player: played "warriyo-mortals-RGjIYW6EBO.mp3"
Jun 02 00:22 : player: played "warriyo-mortals-RGjIYW6EBO.mp3"
Jun 02 00:26 : player: played "warriyo-mortals-RGjIYW6EBO.mp3"
Jun 02 00:30 : player: played "warriyo-mortals-RGjIYW6EBO.mp3"
Jun 02 00:34 : player: played "warriyo-mortals-RGjIYW6EBO.mp3"
Jun 02 00:38 : player: played "warriyo-mortals-RGjIYW6EBO.mp3"
Jun 02 00:42 : player: played "warriyo-mortals-RGjIYW6EBO.mp3"
WARNING: Unhandled message: interface=org.freedesktop.DBus, path=/org/freedesktop/DBus, member=ActivatableServicesChanged
WARNING: Unhandled message: interface=org.freedesktop.DBus, path=/org/freedesktop/DBus, member=ActivatableServicesChanged
WARNING: Unhandled message: interface=org.freedesktop.DBus, path=/org/freedesktop/DBus, member=ActivatableServicesChanged
Jun 02 00:45 : player: played "warriyo-mortals-RGjIYW6EBO.mp3"
Jun 02 00:49 : player: played "warriyo-mortals-RGjIYW6EBO.mp3"
Jun 02 00:53 : player: played "warriyo-mortals-RGjIYW6EBO.mp3"
Jun 02 00:57 : player: played "warriyo-mortals-RGjIYW6EBO.mp3"
Jun 02 05:43 : player: played "warriyo-mortals-RGjIYW6EBO.mp3"
Jun 02 05:46 : player: played "warriyo-mortals-RGjIYW6EBO.mp3"
Jun 02 05:50 : player: played "warriyo-mortals-RGjIYW6EBO.mp3"
Jun 02 06:54 : player: played "Tamiga 2Bad In Havana.mp3"
WARNING: Unhandled message: interface=org.freedesktop.DBus, path=/org/freedesktop/DBus, member=ActivatableServicesChanged
WARNING: Unhandled message: interface=org.freedesktop.DBus, path=/org/freedesktop/DBus, member=ActivatableServicesChanged
WARNING: Unhandled message: interface=org.freedesktop.DBus, path=/org/freedesktop/DBus, member=ActivatableServicesChanged
Jun 03 06:19 : player: played "Tamiga 2Bad In Havana.mp3"
Jun 03 19:07 : player: played "Tamiga 2Bad In Havana.mp3"
Jun 04 03:50 : player: played "Tamiga 2Bad In Havana.mp3"
Jun 04 20:11 : player: played "Tamiga 2Bad In Havana.mp3"
Jun 04 23:29 : player: played "Tamiga 2Bad In Havana.mp3"
Jun 05 02:23 : player: played "Tamiga 2Bad In Havana.mp3"
Jun 05 02:28 : player: played "Tamiga 2Bad In Havana.mp3"
Jun 05 02:33 : player: played "Tamiga 2Bad In Havana.mp3"
Jun 05 02:39 : player: played "Tamiga 2Bad In Havana.mp3"
Jun 05 03:54 : player: played "Tamiga 2Bad In Havana.mp3"
WARNING: Unhandled message: interface=org.freedesktop.DBus, path=/org/freedesktop/DBus, member=ActivatableServicesChanged
WARNING: Unhandled message: interface=org.freedesktop.DBus, path=/org/freedesktop/DBus, member=ActivatableServicesChanged
WARNING: Unhandled message: interface=org.freedesktop.DBus, path=/org/freedesktop/DBus, member=ActivatableServicesChanged
WARNING: Unhandled message: interface=org.freedesktop.DBus, path=/org/freedesktop/DBus, member=ActivatableServicesChanged
WARNING: Unhandled message: interface=org.freedesktop.DBus, path=/org/freedesktop/DBus, member=ActivatableServicesChanged
WARNING: Unhandled message: interface=org.freedesktop.DBus, path=/org/freedesktop/DBus, member=ActivatableServicesChanged
Jun 06 02:45 : player: played "Tamiga 2Bad In Havana.mp3"
Jun 06 06:18 : player: played "Tamiga 2Bad In Havana.mp3"
Jun 06 14:55 : player: played "Tamiga 2Bad In Havana.mp3"
Jun 06 21:44 : player: played "Tamiga 2Bad In Havana.mp3"
WARNING: Unhandled message: interface=org.freedesktop.DBus, path=/org/freedesktop/DBus, member=ActivatableServicesChanged
WARNING: Unhandled message: interface=org.freedesktop.DBus, path=/org/freedesktop/DBus, member=ActivatableServicesChanged
WARNING: Unhandled message: interface=org.freedesktop.DBus, path=/org/freedesktop/DBus, member=ActivatableServicesChanged
WARNING: Unhandled message: interface=org.freedesktop.DBus, path=/org/freedesktop/DBus, member=ActivatableServicesChanged
WARNING: Unhandled message: interface=org.freedesktop.DBus, path=/org/freedesktop/DBus, member=ActivatableServicesChanged
WARNING: Unhandled message: interface=org.freedesktop.DBus, path=/org/freedesktop/DBus, member=ActivatableServicesChanged
Jun 06 22:09 : player: played "Tamiga 2Bad In Havana.mp3"
Jun 07 03:06 : player: played "Tamiga 2Bad In Havana.mp3"
Jun 07 06:41 : player: played "Tamiga 2Bad In Havana.mp3"
Jun 07 15:55 : player: played "Tamiga 2Bad In Havana.mp3"
Jun 08 01:28 : player: played "Tamiga 2Bad In Havana.mp3"
Jun 08 05:47 : player: played "Tamiga 2Bad In Havana.mp3"
Jun 08 14:07 : player: played "Tamiga 2Bad In Havana.mp3"
WARNING: Unhandled message: interface=org.freedesktop.DBus, path=/org/freedesktop/DBus, member=ActivatableServicesChanged
WARNING: Unhandled message: interface=org.freedesktop.DBus, path=/org/freedesktop/DBus, member=ActivatableServicesChanged
WARNING: Unhandled message: interface=org.freedesktop.DBus, path=/org/freedesktop/DBus, member=ActivatableServicesChanged
WARNING: Unhandled message: interface=org.freedesktop.DBus, path=/org/freedesktop/DBus, member=ActivatableServicesChanged
WARNING: Unhandled message: interface=org.freedesktop.DBus, path=/org/freedesktop/DBus, member=ActivatableServicesChanged
WARNING: Unhandled message: interface=org.freedesktop.DBus, path=/org/freedesktop/DBus, member=ActivatableServicesChanged
WARNING: Unhandled message: interface=org.freedesktop.DBus, path=/org/freedesktop/DBus, member=ActivatableServicesChanged
WARNING: Unhandled message: interface=org.freedesktop.DBus, path=/org/freedesktop/DBus, member=ActivatableServicesChanged
WARNING: Unhandled message: interface=org.freedesktop.DBus, path=/org/freedesktop/DBus, member=ActivatableServicesChanged
Jun 09 06:34 : player: played "Tamiga 2Bad In Havana.mp3"
Jun 09 07:18 : player: played "Tamiga 2Bad In Havana.mp3"
Jun 09 07:40 : player: played "Tamiga 2Bad In Havana.mp3"
Jun 09 07:49 : player: played "Tamiga 2Bad In Havana.mp3"
Jun 09 15:57 : player: played "Tamiga 2Bad In Havana.mp3"
Jun 09 16:02 : player: played "Tamiga 2Bad In Havana.mp3"
Jun 09 17:20 : player: played "Tamiga 2Bad In Havana.mp3"
Jun 09 21:40 : player: played "Tamiga 2Bad In Havana.mp3"
Jun 10 03:09 : player: played "Tamiga 2Bad In Havana.mp3"
Jun 10 19:22 : player: played "Tamiga 2Bad In Havana.mp3"
Jun 10 19:27 : player: played "Tamiga 2Bad In Havana.mp3"
Jun 10 19:33 : player: played "Tamiga 2Bad In Havana.mp3"
Jun 10 19:38 : player: played "Tamiga 2Bad In Havana.mp3"
Jun 10 19:38 : player: played "Tamiga 2Bad In Havana.mp3"
Jun 10 20:21 : player: played "Tamiga 2Bad In Havana.mp3"
Jun 10 20:26 : player: played "Tamiga 2Bad In Havana.mp3"
Jun 10 20:31 : player: played "Tamiga 2Bad In Havana.mp3"
Jun 10 20:36 : player: played "Tamiga 2Bad In Havana.mp3"
Jun 10 20:41 : player: played "Tamiga 2Bad In Havana.mp3"
Jun 10 20:46 : player: played "Tamiga 2Bad In Havana.mp3"
Jun 10 20:51 : player: played "Tamiga 2Bad In Havana.mp3"
Jun 10 20:57 : player: played "Tamiga 2Bad In Havana.mp3"
Jun 10 21:02 : player: played "Tamiga 2Bad In Havana.mp3"
Jun 10 21:07 : player: played "Tamiga 2Bad In Havana.mp3"
Jun 10 21:12 : player: played "Tamiga 2Bad In Havana.mp3"
Jun 10 21:17 : player: played "Tamiga 2Bad In Havana.mp3"
Jun 10 21:22 : player: played "Tamiga 2Bad In Havana.mp3"
Jun 10 21:28 : player: played "Tamiga 2Bad In Havana.mp3"
Jun 10 21:36 : player: played "warriyo-mortals-RGjIYW6EBO.mp3"
Jun 10 21:40 : player: played "warriyo-mortals-RGjIYW6EBO.mp3"
Jun 10 21:44 : player: played "warriyo-mortals-RGjIYW6EBO.mp3"
Jun 10 21:48 : player: played "warriyo-mortals-RGjIYW6EBO.mp3"
Jun 10 22:29 : player: played "warriyo-mortals-RGjIYW6EBO.mp3"
Jun 11 02:39 : player: played "Tamiga 2Bad In Havana.mp3"
Jun 11 03:41 : player: played "Tamiga 2Bad In Havana.mp3"
Jun 11 19:51 : player: played "Tamiga 2Bad In Havana.mp3"
Jun 11 21:33 : player: played "Tamiga 2Bad In Havana.mp3"
Jun 12 04:56 : player: played "Tamiga 2Bad In Havana.mp3"
Jun 12 05:22 : player: played "Tamiga 2Bad In Havana.mp3"
Jun 12 05:27 : player: played "Tamiga 2Bad In Havana.mp3"
Jun 12 05:32 : player: played "Tamiga 2Bad In Havana.mp3"
Jun 12 05:38 : player: played "Tamiga 2Bad In Havana.mp3"
Jun 12 05:43 : player: played "Tamiga 2Bad In Havana.mp3"
Jun 12 05:48 : player: played "Tamiga 2Bad In Havana.mp3"
Jun 12 05:53 : player: played "Tamiga 2Bad In Havana.mp3"
Jun 12 05:58 : player: played "Tamiga 2Bad In Havana.mp3"
Jun 12 06:03 : player: played "Tamiga 2Bad In Havana.mp3"
Jun 12 06:08 : player: played "Tamiga 2Bad In Havana.mp3"
Jun 12 06:14 : player: played "Tamiga 2Bad In Havana.mp3"
Jun 12 06:19 : player: played "Tamiga 2Bad In Havana.mp3"
Jun 12 06:24 : player: played "Tamiga 2Bad In Havana.mp3"
Jun 12 06:29 : player: played "Tamiga 2Bad In Havana.mp3"
Jun 12 08:18 : player: played "Tamiga 2Bad In Havana.mp3"
Jun 12 16:38 : player: played "Tamiga 2Bad In Havana.mp3"
Jun 12 19:26 : player: played "Tamiga 2Bad In Havana.mp3"
Jun 12 19:31 : player: played "Tamiga 2Bad In Havana.mp3"
Jun 12 19:36 : player: played "Tamiga 2Bad In Havana.mp3"
WARNING: Unhandled message: interface=org.freedesktop.DBus, path=/org/freedesktop/DBus, member=ActivatableServicesChanged
WARNING: Unhandled message: interface=org.freedesktop.DBus, path=/org/freedesktop/DBus, member=ActivatableServicesChanged
WARNING: Unhandled message: interface=org.freedesktop.DBus, path=/org/freedesktop/DBus, member=ActivatableServicesChanged
Jun 12 21:44 : player: played "Tamiga 2Bad In Havana.mp3"
Jun 13 06:52 : player: played "Tamiga 2Bad In Havana.mp3"
Jun 14 03:16 : player: played "Tamiga 2Bad In Havana.mp3"
Jun 14 15:14 : player: played "Tamiga 2Bad In Havana.mp3"
WARNING: Unhandled message: interface=org.freedesktop.DBus, path=/org/freedesktop/DBus, member=ActivatableServicesChanged
WARNING: Unhandled message: interface=org.freedesktop.DBus, path=/org/freedesktop/DBus, member=ActivatableServicesChanged
WARNING: Unhandled message: interface=org.freedesktop.DBus, path=/org/freedesktop/DBus, member=ActivatableServicesChanged
Jun 15 02:55 : player: played "Tamiga 2Bad In Havana.mp3"
Jun 15 21:23 : player: played "Tamiga 2Bad In Havana.mp3"
Jun 16 06:08 : player: played "Tamiga 2Bad In Havana.mp3"
Jun 16 11:20 : player: played "Tamiga 2Bad In Havana.mp3"
Jun 16 17:28 : player: played "Tamiga 2Bad In Havana.mp3"
Jun 16 19:05 : player: played "Tamiga 2Bad In Havana.mp3"
Jun 16 19:10 : player: played "Tamiga 2Bad In Havana.mp3"
Jun 16 19:15 : player: played "Tamiga 2Bad In Havana.mp3"
Jun 16 19:21 : player: played "Tamiga 2Bad In Havana.mp3"
Jun 16 19:26 : player: played "Tamiga 2Bad In Havana.mp3"
Jun 16 19:31 : player: played "Tamiga 2Bad In Havana.mp3"
Jun 16 19:36 : player: played "Tamiga 2Bad In Havana.mp3"
Jun 16 19:41 : player: played "Tamiga 2Bad In Havana.mp3"
Jun 16 19:59 : player: played "Tamiga 2Bad In Havana.mp3"
Jun 17 18:38 : player: played "Niko Pandetta- Pistole Nella Fendi.mp3"
Jun 18 02:38 : player: played "Solo - River.mp3"
Jun 18 05:14 : player: played "Solo - River.mp3"
Jun 18 21:14 : player: played "Solo - River.mp3"
Jun 18 21:18 : player: played "Solo - River.mp3"
Jun 18 22:51 : player: played "Solo - River.mp3"
Jun 19 02:34 : player: played "Solo - River.mp3"
Jun 19 03:26 : player: played "Solo - River.mp3"
Jun 19 19:45 : player: played "Tamiga 2Bad In Havana.mp3"
Jun 19 22:20 : player: played "Tamiga 2Bad In Havana.mp3"
Jun 19 22:57 : player: played "Tamiga 2Bad In Havana.mp3"
Jun 19 23:02 : player: played "Tamiga 2Bad In Havana.mp3"
Jun 19 23:07 : player: played "Tamiga 2Bad In Havana.mp3"
Jun 19 23:12 : player: played "Tamiga 2Bad In Havana.mp3"
Jun 19 23:17 : player: played "Tamiga 2Bad In Havana.mp3"
Jun 19 23:22 : player: played "Tamiga 2Bad In Havana.mp3"
Jun 19 23:28 : player: played "Tamiga 2Bad In Havana.mp3"
Jun 20 01:55 : player: played "Tamiga 2Bad In Havana.mp3"
WARNING: Unhandled message: interface=org.freedesktop.DBus, path=/org/freedesktop/DBus, member=ActivatableServicesChanged
WARNING: Unhandled message: interface=org.freedesktop.DBus, path=/org/freedesktop/DBus, member=ActivatableServicesChanged
WARNING: Unhandled message: interface=org.freedesktop.DBus, path=/org/freedesktop/DBus, member=ActivatableServicesChanged
WARNING: Unhandled message: interface=org.freedesktop.DBus, path=/org/freedesktop/DBus, member=ActivatableServicesChanged
WARNING: Unhandled message: interface=org.freedesktop.DBus, path=/org/freedesktop/DBus, member=ActivatableServicesChanged
WARNING: Unhandled message: interface=org.freedesktop.DBus, path=/org/freedesktop/DBus, member=ActivatableServicesChanged
WARNING: Unhandled message: interface=org.freedesktop.DBus, path=/org/freedesktop/DBus, member=ActivatableServicesChanged
Jun 20 18:49 : player: played "Tamiga 2Bad In Havana.mp3"
Jun 21 03:30 : player: played "Tamiga 2Bad In Havana.mp3"
Jun 21 16:51 : player: played "Tamiga 2Bad In Havana.mp3"
Jun 21 16:56 : player: played "Tamiga 2Bad In Havana.mp3"
Jun 21 17:21 : player: played "Tamiga 2Bad In Havana.mp3"
Jun 21 17:26 : player: played "Tamiga 2Bad In Havana.mp3"
Jun 21 17:31 : player: played "Tamiga 2Bad In Havana.mp3"
Jun 21 17:36 : player: played "Tamiga 2Bad In Havana.mp3"
Jun 21 17:42 : player: played "Tamiga 2Bad In Havana.mp3"
Jun 21 17:46 : player: played "Tamiga 2Bad In Havana.mp3"
Jun 21 18:02 : player: played "Tamiga 2Bad In Havana.mp3"
WARNING: Unhandled message: interface=org.freedesktop.DBus, path=/org/freedesktop/DBus, member=ActivatableServicesChanged
WARNING: Unhandled message: interface=org.freedesktop.DBus, path=/org/freedesktop/DBus, member=ActivatableServicesChanged
WARNING: Unhandled message: interface=org.freedesktop.DBus, path=/org/freedesktop/DBus, member=ActivatableServicesChanged
Jun 21 19:57 : player: played "Tamiga 2Bad In Havana.mp3"
WARNING: Unhandled message: interface=org.freedesktop.DBus, path=/org/freedesktop/DBus, member=ActivatableServicesChanged
WARNING: Unhandled message: interface=org.freedesktop.DBus, path=/org/freedesktop/DBus, member=ActivatableServicesChanged
WARNING: Unhandled message: interface=org.freedesktop.DBus, path=/org/freedesktop/DBus, member=ActivatableServicesChanged
Jun 21 20:14 : player: played "Tamiga 2Bad In Havana.mp3"
Jun 21 21:19 : player: played "Tamiga 2Bad In Havana.mp3"
Jun 22 03:43 : player: played "Tamiga 2Bad In Havana.mp3"
Jun 22 21:11 : player: played "Tamiga 2Bad In Havana.mp3"
Jun 22 21:29 : player: played "Tamiga 2Bad In Havana.mp3"
Jun 23 04:03 : player: played "Tamiga 2Bad In Havana.mp3"
Jun 23 16:48 : player: played "Tamiga 2Bad In Havana.mp3"
Jun 23 17:45 : player: played "Tamiga 2Bad In Havana.mp3"
Jun 23 18:14 : player: played "Tamiga 2Bad In Havana.mp3"
WARNING: Unhandled message: interface=org.freedesktop.DBus, path=/org/freedesktop/DBus, member=ActivatableServicesChanged
WARNING: Unhandled message: interface=org.freedesktop.DBus, path=/org/freedesktop/DBus, member=ActivatableServicesChanged
WARNING: Unhandled message: interface=org.freedesktop.DBus, path=/org/freedesktop/DBus, member=ActivatableServicesChanged
WARNING: Unhandled message: interface=org.freedesktop.DBus, path=/org/freedesktop/DBus, member=ActivatableServicesChanged
WARNING: Unhandled message: interface=org.freedesktop.DBus, path=/org/freedesktop/DBus, member=ActivatableServicesChanged
WARNING: Unhandled message: interface=org.freedesktop.DBus, path=/org/freedesktop/DBus, member=ActivatableServicesChanged
Jun 24 01:30 : player: played "Tamiga 2Bad In Havana.mp3"
Jun 24 20:46 : player: played "Tamiga 2Bad In Havana.mp3"
Jun 24 23:28 : player: played "Tamiga 2Bad In Havana.mp3"
WARNING: Unhandled message: interface=org.freedesktop.DBus, path=/org/freedesktop/DBus, member=ActivatableServicesChanged
WARNING: Unhandled message: interface=org.freedesktop.DBus, path=/org/freedesktop/DBus, member=ActivatableServicesChanged
WARNING: Unhandled message: interface=org.freedesktop.DBus, path=/org/freedesktop/DBus, member=ActivatableServicesChanged
Jun 25 02:55 : player: played "Tamiga 2Bad In Havana.mp3"
Jun 25 06:02 : player: played "Tamiga 2Bad In Havana.mp3"
Jun 26 12:11 : exception: Failed to open /home/ozil/.mpd/playlists: No such file or directory
Jun 26 12:11 : update: added /DMNDS  Fallen Roses   Calabria  Strange Fruits Release.mp3
Jun 26 12:11 : update: added /SUPER SAKO Ft   HAYKO   MI GNA DJ Pantelis.mp3
Jun 26 12:11 : exception: Failed to open /home/ozil/.mpd/playlists: No such file or directory
Jun 26 12:14 : update: updating /DMNDS  Fallen Roses   Calabria  Strange Fruits Release.mp3
Jun 26 12:14 : player: played "DMNDS  Fallen Roses   Calabria  Strange Fruits Release.mp3"
Jun 26 12:18 : update: updating /SUPER SAKO Ft   HAYKO   MI GNA DJ Pantelis.mp3
Jun 26 12:18 : player: played "SUPER SAKO Ft   HAYKO   MI GNA DJ Pantelis.mp3"
Jun 26 12:18 : exception: Failed to open /home/ozil/.mpd/playlists: No such file or directory
Jun 26 14:59 : player: played "SUPER SAKO Ft   HAYKO   MI GNA DJ Pantelis.mp3"
Jun 26 16:30 : player: played "SUPER SAKO Ft   HAYKO   MI GNA DJ Pantelis.mp3"
Jun 26 17:41 : player: played "SUPER SAKO Ft   HAYKO   MI GNA DJ Pantelis.mp3"
Jun 26 19:31 : player: played "Tamiga 2Bad In Havana.mp3"
Jun 26 19:36 : player: played "Tamiga 2Bad In Havana.mp3"
Jun 26 19:41 : player: played "Tamiga 2Bad In Havana.mp3"
Jun 26 19:46 : player: played "Tamiga 2Bad In Havana.mp3"
Jun 26 19:51 : player: played "Tamiga 2Bad In Havana.mp3"
Jun 26 20:52 : player: played "SUPER SAKO Ft   HAYKO   MI GNA DJ Pantelis.mp3"
Jun 26 23:01 : exception: Failed to open /home/ozil/.mpd/playlists: No such file or directory
Jun 26 23:02 : update: added /Tamiga  2Bad  I Need You.mp3
Jun 26 23:02 : exception: Failed to open /home/ozil/.mpd/playlists: No such file or directory
Jun 26 23:02 : update: updating /Tamiga  2Bad  I Need You.mp3
Jun 26 23:02 : exception: Failed to open /home/ozil/.mpd/playlists: No such file or directory
Jun 26 23:02 : player: played "Tamiga  2Bad  I Need You.mp3"
Jun 27 01:47 : player: played "SUPER SAKO Ft   HAYKO   MI GNA DJ Pantelis.mp3"
Jun 27 09:58 : player: played "SUPER SAKO Ft   HAYKO   MI GNA DJ Pantelis.mp3"
Jun 27 15:46 : player: played "SUPER SAKO Ft   HAYKO   MI GNA DJ Pantelis.mp3"
Jun 27 16:38 : player: played "SUPER SAKO Ft   HAYKO   MI GNA DJ Pantelis.mp3"
Jun 28 09:37 : player: played "SUPER SAKO Ft   HAYKO   MI GNA DJ Pantelis.mp3"
Jun 28 15:30 : player: played "SUPER SAKO Ft   HAYKO   MI GNA DJ Pantelis.mp3"
Jun 28 23:02 : player: played "Tamiga  2Bad  I Need You.mp3"
Jun 29 00:55 : player: played "Tamiga  2Bad  I Need You.mp3"
Jun 29 08:54 : player: played "Tamiga  2Bad  I Need You.mp3"
Jun 30 01:06 : player: played "Tamiga  2Bad  I Need You.mp3"
Jun 30 01:50 : player: played "Tamiga  2Bad  I Need You.mp3"
Jun 30 01:53 : player: played "Tamiga  2Bad  I Need You.mp3"
Jun 30 01:57 : player: played "Tamiga  2Bad  I Need You.mp3"
Jun 30 02:00 : player: played "Tamiga  2Bad  I Need You.mp3"
Jun 30 02:03 : player: played "Tamiga  2Bad  I Need You.mp3"
Jun 30 02:09 : player: played "Tamiga  2Bad  I Need You.mp3"
Jun 30 02:13 : player: played "Tamiga  2Bad  I Need You.mp3"
Jun 30 04:47 : player: played "Tamiga  2Bad  I Need You.mp3"
Jun 30 04:51 : player: played "Tamiga  2Bad  I Need You.mp3"
Jun 30 04:54 : player: played "Tamiga  2Bad  I Need You.mp3"
Jun 30 04:58 : player: played "SUPER SAKO Ft   HAYKO   MI GNA DJ Pantelis.mp3"
Jun 30 05:54 : player: played "SUPER SAKO Ft   HAYKO   MI GNA DJ Pantelis.mp3"
WARNING: Unhandled message: interface=org.freedesktop.DBus, path=/org/freedesktop/DBus, member=ActivatableServicesChanged
WARNING: Unhandled message: interface=org.freedesktop.DBus, path=/org/freedesktop/DBus, member=ActivatableServicesChanged
WARNING: Unhandled message: interface=org.freedesktop.DBus, path=/org/freedesktop/DBus, member=ActivatableServicesChanged
WARNING: Unhandled message: interface=org.freedesktop.DBus, path=/org/freedesktop/DBus, member=ActivatableServicesChanged
WARNING: Unhandled message: interface=org.freedesktop.DBus, path=/org/freedesktop/DBus, member=ActivatableServicesChanged
WARNING: Unhandled message: interface=org.freedesktop.DBus, path=/org/freedesktop/DBus, member=ActivatableServicesChanged
WARNING: Unhandled message: interface=org.freedesktop.DBus, path=/org/freedesktop/DBus, member=ActivatableServicesChanged
WARNING: Unhandled message: interface=org.freedesktop.DBus, path=/org/freedesktop/DBus, member=ActivatableServicesChanged
Jul 01 04:11 : player: played "SUPER SAKO Ft   HAYKO   MI GNA DJ Pantelis.mp3"
Jul 02 18:56 : player: played "SUPER SAKO Ft   HAYKO   MI GNA DJ Pantelis.mp3"
Jul 02 20:09 : player: played "SUPER SAKO Ft   HAYKO   MI GNA DJ Pantelis.mp3"
Jul 02 20:14 : player: played "SUPER SAKO Ft   HAYKO   MI GNA DJ Pantelis.mp3"
Jul 02 20:18 : player: played "SUPER SAKO Ft   HAYKO   MI GNA DJ Pantelis.mp3"
Jul 02 20:22 : player: played "SUPER SAKO Ft   HAYKO   MI GNA DJ Pantelis.mp3"
Jul 02 20:26 : player: played "SUPER SAKO Ft   HAYKO   MI GNA DJ Pantelis.mp3"
Jul 02 20:30 : player: played "SUPER SAKO Ft   HAYKO   MI GNA DJ Pantelis.mp3"
Jul 02 20:34 : player: played "SUPER SAKO Ft   HAYKO   MI GNA DJ Pantelis.mp3"
Jul 02 20:38 : player: played "SUPER SAKO Ft   HAYKO   MI GNA DJ Pantelis.mp3"
Jul 02 20:43 : player: played "SUPER SAKO Ft   HAYKO   MI GNA DJ Pantelis.mp3"
Jul 02 20:47 : player: played "SUPER SAKO Ft   HAYKO   MI GNA DJ Pantelis.mp3"
Jul 02 20:52 : player: played "Tamiga  2Bad  I Need You.mp3"
Jul 02 20:55 : player: played "Tamiga  2Bad  I Need You.mp3"
Jul 02 20:58 : player: played "Tamiga  2Bad  I Need You.mp3"
Jul 02 21:02 : player: played "Tamiga  2Bad  I Need You.mp3"
Jul 02 21:05 : player: played "Tamiga  2Bad  I Need You.mp3"
Jul 02 21:08 : player: played "Tamiga  2Bad  I Need You.mp3"
Jul 02 21:12 : player: played "Tamiga  2Bad  I Need You.mp3"
Jul 02 21:15 : player: played "Tamiga  2Bad  I Need You.mp3"
Jul 02 21:15 : player: played "Tamiga  2Bad  I Need You.mp3"
Jul 03 03:09 : player: played "SUPER SAKO Ft   HAYKO   MI GNA DJ Pantelis.mp3"
Jul 03 03:18 : player: played "Tamiga  2Bad  I Need You.mp3"
Jul 03 03:36 : player: played "Tamiga  2Bad  I Need You.mp3"
Jul 03 17:15 : player: played "SUPER SAKO Ft   HAYKO   MI GNA DJ Pantelis.mp3"
Jul 03 17:20 : player: played "SUPER SAKO Ft   HAYKO   MI GNA DJ Pantelis.mp3"
WARNING: Unhandled message: interface=org.freedesktop.DBus, path=/org/freedesktop/DBus, member=ActivatableServicesChanged
WARNING: Unhandled message: interface=org.freedesktop.DBus, path=/org/freedesktop/DBus, member=ActivatableServicesChanged
WARNING: Unhandled message: interface=org.freedesktop.DBus, path=/org/freedesktop/DBus, member=ActivatableServicesChanged
Jul 04 03:53 : player: played "SUPER SAKO Ft   HAYKO   MI GNA DJ Pantelis.mp3"
Jul 04 03:54 : player: played "SUPER SAKO Ft   HAYKO   MI GNA DJ Pantelis.mp3"
Jul 04 14:25 : player: played "SUPER SAKO Ft   HAYKO   MI GNA DJ Pantelis.mp3"
Jul 04 16:31 : player: played "SUPER SAKO Ft   HAYKO   MI GNA DJ Pantelis.mp3"
Jul 05 01:13 : player: played "SUPER SAKO Ft   HAYKO   MI GNA DJ Pantelis.mp3"
Jul 05 01:18 : player: played "SUPER SAKO Ft   HAYKO   MI GNA DJ Pantelis.mp3"
Jul 05 01:22 : player: played "SUPER SAKO Ft   HAYKO   MI GNA DJ Pantelis.mp3"
Jul 05 01:26 : player: played "SUPER SAKO Ft   HAYKO   MI GNA DJ Pantelis.mp3"
Jul 05 01:30 : player: played "Tamiga  2Bad  I Need You.mp3"
Jul 05 01:33 : player: played "Tamiga  2Bad  I Need You.mp3"
Jul 05 01:37 : player: played "Tamiga  2Bad  I Need You.mp3"
Jul 05 01:40 : player: played "Tamiga  2Bad  I Need You.mp3"
Jul 05 01:43 : player: played "Tamiga  2Bad  I Need You.mp3"
Jul 05 01:47 : player: played "Tamiga  2Bad  I Need You.mp3"
Jul 05 01:50 : player: played "Tamiga  2Bad  I Need You.mp3"
Jul 05 01:54 : player: played "Tamiga  2Bad  I Need You.mp3"
Jul 05 01:57 : player: played "Tamiga  2Bad  I Need You.mp3"
Jul 05 02:00 : player: played "Tamiga  2Bad  I Need You.mp3"
Jul 05 02:04 : player: played "Tamiga  2Bad  I Need You.mp3"
Jul 05 02:07 : player: played "Tamiga  2Bad  I Need You.mp3"
Jul 05 02:10 : player: played "Tamiga  2Bad  I Need You.mp3"
Jul 05 02:42 : player: played "Tamiga  2Bad  I Need You.mp3"
Jul 05 03:22 : player: played "Tamiga  2Bad  I Need You.mp3"
Jul 05 03:25 : player: played "Tamiga  2Bad  I Need You.mp3"
Jul 05 03:28 : player: played "Tamiga  2Bad  I Need You.mp3"
Jul 05 03:32 : player: played "Tamiga  2Bad  I Need You.mp3"
Jul 05 03:35 : player: played "Tamiga  2Bad  I Need You.mp3"
Jul 05 03:38 : player: played "Tamiga  2Bad  I Need You.mp3"
Jul 05 03:42 : player: played "Tamiga  2Bad  I Need You.mp3"
Jul 05 03:45 : player: played "Tamiga  2Bad  I Need You.mp3"
Jul 05 03:48 : player: played "Tamiga  2Bad  I Need You.mp3"
Jul 05 03:52 : player: played "Tamiga  2Bad  I Need You.mp3"
Jul 05 03:55 : player: played "Tamiga  2Bad  I Need You.mp3"
Jul 05 03:58 : player: played "Tamiga  2Bad  I Need You.mp3"
Jul 05 05:39 : player: played "Tamiga  2Bad  I Need You.mp3"
Jul 05 16:14 : player: played "Tamiga  2Bad  I Need You.mp3"
Jul 05 16:17 : player: played "Tamiga  2Bad  I Need You.mp3"
Jul 05 17:46 : player: played "Tamiga  2Bad  I Need You.mp3"
WARNING: Unhandled message: interface=org.freedesktop.DBus, path=/org/freedesktop/DBus, member=ActivatableServicesChanged
WARNING: Unhandled message: interface=org.freedesktop.DBus, path=/org/freedesktop/DBus, member=ActivatableServicesChanged
WARNING: Unhandled message: interface=org.freedesktop.DBus, path=/org/freedesktop/DBus, member=ActivatableServicesChanged
WARNING: Unhandled message: interface=org.freedesktop.DBus, path=/org/freedesktop/DBus, member=ActivatableServicesChanged
Jul 06 00:27 : player: played "Tamiga  2Bad  I Need You.mp3"
Jul 06 00:30 : player: played "Tamiga  2Bad  I Need You.mp3"
Jul 06 01:10 : player: played "Tamiga  2Bad  I Need You.mp3"
